20140101
[0, 1, 2]
[3, 4, 5, 6, 7, 8]
/scratch/SDF25/Hephaestus_Minicubes_v0_webdataset/1
/scratch/SDF25/Hephaestus_Minicubes_v0_webdataset/1/train_pos/sample-train_pos-000003.tar
000003
/scratch/SDF25/Hephaestus_Minicubes_v0_webdataset/1/train_pos/sample-train_pos-{000000..000003}.tar
Cuda available = False
Random seed set as 42
Load pre-trained checkpoint from: checkpoints/mae/pretraining/mae_vit_base_patch16/0crtm1js/mae_vit_base_patch16_epochs_40.pt
_IncompatibleKeys(missing_keys=['head.weight', 'head.bias'], unexpected_keys=['mask_token', 'decoder_pos_embed', 'decoder_embed.weight', 'decoder_embed.bias', 'decoder_blocks.0.norm1.weight', 'decoder_blocks.0.norm1.bias', 'decoder_blocks.0.attn.qkv.weight', 'decoder_blocks.0.attn.qkv.bias', 'decoder_blocks.0.attn.proj.weight', 'decoder_blocks.0.attn.proj.bias', 'decoder_blocks.0.norm2.weight', 'decoder_blocks.0.norm2.bias', 'decoder_blocks.0.mlp.fc1.weight', 'decoder_blocks.0.mlp.fc1.bias', 'decoder_blocks.0.mlp.fc2.weight', 'decoder_blocks.0.mlp.fc2.bias', 'decoder_blocks.1.norm1.weight', 'decoder_blocks.1.norm1.bias', 'decoder_blocks.1.attn.qkv.weight', 'decoder_blocks.1.attn.qkv.bias', 'decoder_blocks.1.attn.proj.weight', 'decoder_blocks.1.attn.proj.bias', 'decoder_blocks.1.norm2.weight', 'decoder_blocks.1.norm2.bias', 'decoder_blocks.1.mlp.fc1.weight', 'decoder_blocks.1.mlp.fc1.bias', 'decoder_blocks.1.mlp.fc2.weight', 'decoder_blocks.1.mlp.fc2.bias', 'decoder_blocks.2.norm1.weight', 'decoder_blocks.2.norm1.bias', 'decoder_blocks.2.attn.qkv.weight', 'decoder_blocks.2.attn.qkv.bias', 'decoder_blocks.2.attn.proj.weight', 'decoder_blocks.2.attn.proj.bias', 'decoder_blocks.2.norm2.weight', 'decoder_blocks.2.norm2.bias', 'decoder_blocks.2.mlp.fc1.weight', 'decoder_blocks.2.mlp.fc1.bias', 'decoder_blocks.2.mlp.fc2.weight', 'decoder_blocks.2.mlp.fc2.bias', 'decoder_blocks.3.norm1.weight', 'decoder_blocks.3.norm1.bias', 'decoder_blocks.3.attn.qkv.weight', 'decoder_blocks.3.attn.qkv.bias', 'decoder_blocks.3.attn.proj.weight', 'decoder_blocks.3.attn.proj.bias', 'decoder_blocks.3.norm2.weight', 'decoder_blocks.3.norm2.bias', 'decoder_blocks.3.mlp.fc1.weight', 'decoder_blocks.3.mlp.fc1.bias', 'decoder_blocks.3.mlp.fc2.weight', 'decoder_blocks.3.mlp.fc2.bias', 'decoder_blocks.4.norm1.weight', 'decoder_blocks.4.norm1.bias', 'decoder_blocks.4.attn.qkv.weight', 'decoder_blocks.4.attn.qkv.bias', 'decoder_blocks.4.attn.proj.weight', 'decoder_blocks.4.attn.proj.bias', 'decoder_blocks.4.norm2.weight', 'decoder_blocks.4.norm2.bias', 'decoder_blocks.4.mlp.fc1.weight', 'decoder_blocks.4.mlp.fc1.bias', 'decoder_blocks.4.mlp.fc2.weight', 'decoder_blocks.4.mlp.fc2.bias', 'decoder_blocks.5.norm1.weight', 'decoder_blocks.5.norm1.bias', 'decoder_blocks.5.attn.qkv.weight', 'decoder_blocks.5.attn.qkv.bias', 'decoder_blocks.5.attn.proj.weight', 'decoder_blocks.5.attn.proj.bias', 'decoder_blocks.5.norm2.weight', 'decoder_blocks.5.norm2.bias', 'decoder_blocks.5.mlp.fc1.weight', 'decoder_blocks.5.mlp.fc1.bias', 'decoder_blocks.5.mlp.fc2.weight', 'decoder_blocks.5.mlp.fc2.bias', 'decoder_blocks.6.norm1.weight', 'decoder_blocks.6.norm1.bias', 'decoder_blocks.6.attn.qkv.weight', 'decoder_blocks.6.attn.qkv.bias', 'decoder_blocks.6.attn.proj.weight', 'decoder_blocks.6.attn.proj.bias', 'decoder_blocks.6.norm2.weight', 'decoder_blocks.6.norm2.bias', 'decoder_blocks.6.mlp.fc1.weight', 'decoder_blocks.6.mlp.fc1.bias', 'decoder_blocks.6.mlp.fc2.weight', 'decoder_blocks.6.mlp.fc2.bias', 'decoder_blocks.7.norm1.weight', 'decoder_blocks.7.norm1.bias', 'decoder_blocks.7.attn.qkv.weight', 'decoder_blocks.7.attn.qkv.bias', 'decoder_blocks.7.attn.proj.weight', 'decoder_blocks.7.attn.proj.bias', 'decoder_blocks.7.norm2.weight', 'decoder_blocks.7.norm2.bias', 'decoder_blocks.7.mlp.fc1.weight', 'decoder_blocks.7.mlp.fc1.bias', 'decoder_blocks.7.mlp.fc2.weight', 'decoder_blocks.7.mlp.fc2.bias', 'decoder_norm.weight', 'decoder_norm.bias', 'decoder_pred.weight', 'decoder_pred.bias'])
Model = VisionTransformer(
  (patch_embed): PatchEmbed(
    (proj): Conv2d(3, 768, kernel_size=(16, 16), stride=(16, 16))
    (norm): Identity()
  )
  (pos_drop): Dropout(p=0.0, inplace=False)
  (patch_drop): Identity()
  (norm_pre): Identity()
  (blocks): Sequential(
    (0): Block(
      (norm1): LayerNorm((768,), eps=1e-06, elementwise_affine=True)
      (attn): Attention(
        (qkv): Linear(in_features=768, out_features=2304, bias=True)
        (q_norm): Identity()
        (k_norm): Identity()
        (attn_drop): Dropout(p=0.0, inplace=False)
        (proj): Linear(in_features=768, out_features=768, bias=True)
        (proj_drop): Dropout(p=0.0, inplace=False)
      )
      (ls1): Identity()
      (drop_path1): Identity()
      (norm2): LayerNorm((768,), eps=1e-06, elementwise_affine=True)
      (mlp): Mlp(
        (fc1): Linear(in_features=768, out_features=3072, bias=True)
        (act): GELU(approximate='none')
        (drop1): Dropout(p=0.0, inplace=False)
        (norm): Identity()
        (fc2): Linear(in_features=3072, out_features=768, bias=True)
        (drop2): Dropout(p=0.0, inplace=False)
      )
      (ls2): Identity()
      (drop_path2): Identity()
    )
    (1): Block(
      (norm1): LayerNorm((768,), eps=1e-06, elementwise_affine=True)
      (attn): Attention(
        (qkv): Linear(in_features=768, out_features=2304, bias=True)
        (q_norm): Identity()
        (k_norm): Identity()
        (attn_drop): Dropout(p=0.0, inplace=False)
        (proj): Linear(in_features=768, out_features=768, bias=True)
        (proj_drop): Dropout(p=0.0, inplace=False)
      )
      (ls1): Identity()
      (drop_path1): Identity()
      (norm2): LayerNorm((768,), eps=1e-06, elementwise_affine=True)
      (mlp): Mlp(
        (fc1): Linear(in_features=768, out_features=3072, bias=True)
        (act): GELU(approximate='none')
        (drop1): Dropout(p=0.0, inplace=False)
        (norm): Identity()
        (fc2): Linear(in_features=3072, out_features=768, bias=True)
        (drop2): Dropout(p=0.0, inplace=False)
      )
      (ls2): Identity()
      (drop_path2): Identity()
    )
    (2): Block(
      (norm1): LayerNorm((768,), eps=1e-06, elementwise_affine=True)
      (attn): Attention(
        (qkv): Linear(in_features=768, out_features=2304, bias=True)
        (q_norm): Identity()
        (k_norm): Identity()
        (attn_drop): Dropout(p=0.0, inplace=False)
        (proj): Linear(in_features=768, out_features=768, bias=True)
        (proj_drop): Dropout(p=0.0, inplace=False)
      )
      (ls1): Identity()
      (drop_path1): Identity()
      (norm2): LayerNorm((768,), eps=1e-06, elementwise_affine=True)
      (mlp): Mlp(
        (fc1): Linear(in_features=768, out_features=3072, bias=True)
        (act): GELU(approximate='none')
        (drop1): Dropout(p=0.0, inplace=False)
        (norm): Identity()
        (fc2): Linear(in_features=3072, out_features=768, bias=True)
        (drop2): Dropout(p=0.0, inplace=False)
      )
      (ls2): Identity()
      (drop_path2): Identity()
    )
    (3): Block(
      (norm1): LayerNorm((768,), eps=1e-06, elementwise_affine=True)
      (attn): Attention(
        (qkv): Linear(in_features=768, out_features=2304, bias=True)
        (q_norm): Identity()
        (k_norm): Identity()
        (attn_drop): Dropout(p=0.0, inplace=False)
        (proj): Linear(in_features=768, out_features=768, bias=True)
        (proj_drop): Dropout(p=0.0, inplace=False)
      )
      (ls1): Identity()
      (drop_path1): Identity()
      (norm2): LayerNorm((768,), eps=1e-06, elementwise_affine=True)
      (mlp): Mlp(
        (fc1): Linear(in_features=768, out_features=3072, bias=True)
        (act): GELU(approximate='none')
        (drop1): Dropout(p=0.0, inplace=False)
        (norm): Identity()
        (fc2): Linear(in_features=3072, out_features=768, bias=True)
        (drop2): Dropout(p=0.0, inplace=False)
      )
      (ls2): Identity()
      (drop_path2): Identity()
    )
    (4): Block(
      (norm1): LayerNorm((768,), eps=1e-06, elementwise_affine=True)
      (attn): Attention(
        (qkv): Linear(in_features=768, out_features=2304, bias=True)
        (q_norm): Identity()
        (k_norm): Identity()
        (attn_drop): Dropout(p=0.0, inplace=False)
        (proj): Linear(in_features=768, out_features=768, bias=True)
        (proj_drop): Dropout(p=0.0, inplace=False)
      )
      (ls1): Identity()
      (drop_path1): Identity()
      (norm2): LayerNorm((768,), eps=1e-06, elementwise_affine=True)
      (mlp): Mlp(
        (fc1): Linear(in_features=768, out_features=3072, bias=True)
        (act): GELU(approximate='none')
        (drop1): Dropout(p=0.0, inplace=False)
        (norm): Identity()
        (fc2): Linear(in_features=3072, out_features=768, bias=True)
        (drop2): Dropout(p=0.0, inplace=False)
      )
      (ls2): Identity()
      (drop_path2): Identity()
    )
    (5): Block(
      (norm1): LayerNorm((768,), eps=1e-06, elementwise_affine=True)
      (attn): Attention(
        (qkv): Linear(in_features=768, out_features=2304, bias=True)
        (q_norm): Identity()
        (k_norm): Identity()
        (attn_drop): Dropout(p=0.0, inplace=False)
        (proj): Linear(in_features=768, out_features=768, bias=True)
        (proj_drop): Dropout(p=0.0, inplace=False)
      )
      (ls1): Identity()
      (drop_path1): Identity()
      (norm2): LayerNorm((768,), eps=1e-06, elementwise_affine=True)
      (mlp): Mlp(
        (fc1): Linear(in_features=768, out_features=3072, bias=True)
        (act): GELU(approximate='none')
        (drop1): Dropout(p=0.0, inplace=False)
        (norm): Identity()
        (fc2): Linear(in_features=3072, out_features=768, bias=True)
        (drop2): Dropout(p=0.0, inplace=False)
      )
      (ls2): Identity()
      (drop_path2): Identity()
    )
    (6): Block(
      (norm1): LayerNorm((768,), eps=1e-06, elementwise_affine=True)
      (attn): Attention(
        (qkv): Linear(in_features=768, out_features=2304, bias=True)
        (q_norm): Identity()
        (k_norm): Identity()
        (attn_drop): Dropout(p=0.0, inplace=False)
        (proj): Linear(in_features=768, out_features=768, bias=True)
        (proj_drop): Dropout(p=0.0, inplace=False)
      )
      (ls1): Identity()
      (drop_path1): Identity()
      (norm2): LayerNorm((768,), eps=1e-06, elementwise_affine=True)
      (mlp): Mlp(
        (fc1): Linear(in_features=768, out_features=3072, bias=True)
        (act): GELU(approximate='none')
        (drop1): Dropout(p=0.0, inplace=False)
        (norm): Identity()
        (fc2): Linear(in_features=3072, out_features=768, bias=True)
        (drop2): Dropout(p=0.0, inplace=False)
      )
      (ls2): Identity()
      (drop_path2): Identity()
    )
    (7): Block(
      (norm1): LayerNorm((768,), eps=1e-06, elementwise_affine=True)
      (attn): Attention(
        (qkv): Linear(in_features=768, out_features=2304, bias=True)
        (q_norm): Identity()
        (k_norm): Identity()
        (attn_drop): Dropout(p=0.0, inplace=False)
        (proj): Linear(in_features=768, out_features=768, bias=True)
        (proj_drop): Dropout(p=0.0, inplace=False)
      )
      (ls1): Identity()
      (drop_path1): Identity()
      (norm2): LayerNorm((768,), eps=1e-06, elementwise_affine=True)
      (mlp): Mlp(
        (fc1): Linear(in_features=768, out_features=3072, bias=True)
        (act): GELU(approximate='none')
        (drop1): Dropout(p=0.0, inplace=False)
        (norm): Identity()
        (fc2): Linear(in_features=3072, out_features=768, bias=True)
        (drop2): Dropout(p=0.0, inplace=False)
      )
      (ls2): Identity()
      (drop_path2): Identity()
    )
    (8): Block(
      (norm1): LayerNorm((768,), eps=1e-06, elementwise_affine=True)
      (attn): Attention(
        (qkv): Linear(in_features=768, out_features=2304, bias=True)
        (q_norm): Identity()
        (k_norm): Identity()
        (attn_drop): Dropout(p=0.0, inplace=False)
        (proj): Linear(in_features=768, out_features=768, bias=True)
        (proj_drop): Dropout(p=0.0, inplace=False)
      )
      (ls1): Identity()
      (drop_path1): Identity()
      (norm2): LayerNorm((768,), eps=1e-06, elementwise_affine=True)
      (mlp): Mlp(
        (fc1): Linear(in_features=768, out_features=3072, bias=True)
        (act): GELU(approximate='none')
        (drop1): Dropout(p=0.0, inplace=False)
        (norm): Identity()
        (fc2): Linear(in_features=3072, out_features=768, bias=True)
        (drop2): Dropout(p=0.0, inplace=False)
      )
      (ls2): Identity()
      (drop_path2): Identity()
    )
    (9): Block(
      (norm1): LayerNorm((768,), eps=1e-06, elementwise_affine=True)
      (attn): Attention(
        (qkv): Linear(in_features=768, out_features=2304, bias=True)
        (q_norm): Identity()
        (k_norm): Identity()
        (attn_drop): Dropout(p=0.0, inplace=False)
        (proj): Linear(in_features=768, out_features=768, bias=True)
        (proj_drop): Dropout(p=0.0, inplace=False)
      )
      (ls1): Identity()
      (drop_path1): Identity()
      (norm2): LayerNorm((768,), eps=1e-06, elementwise_affine=True)
      (mlp): Mlp(
        (fc1): Linear(in_features=768, out_features=3072, bias=True)
        (act): GELU(approximate='none')
        (drop1): Dropout(p=0.0, inplace=False)
        (norm): Identity()
        (fc2): Linear(in_features=3072, out_features=768, bias=True)
        (drop2): Dropout(p=0.0, inplace=False)
      )
      (ls2): Identity()
      (drop_path2): Identity()
    )
    (10): Block(
      (norm1): LayerNorm((768,), eps=1e-06, elementwise_affine=True)
      (attn): Attention(
        (qkv): Linear(in_features=768, out_features=2304, bias=True)
        (q_norm): Identity()
        (k_norm): Identity()
        (attn_drop): Dropout(p=0.0, inplace=False)
        (proj): Linear(in_features=768, out_features=768, bias=True)
        (proj_drop): Dropout(p=0.0, inplace=False)
      )
      (ls1): Identity()
      (drop_path1): Identity()
      (norm2): LayerNorm((768,), eps=1e-06, elementwise_affine=True)
      (mlp): Mlp(
        (fc1): Linear(in_features=768, out_features=3072, bias=True)
        (act): GELU(approximate='none')
        (drop1): Dropout(p=0.0, inplace=False)
        (norm): Identity()
        (fc2): Linear(in_features=3072, out_features=768, bias=True)
        (drop2): Dropout(p=0.0, inplace=False)
      )
      (ls2): Identity()
      (drop_path2): Identity()
    )
    (11): Block(
      (norm1): LayerNorm((768,), eps=1e-06, elementwise_affine=True)
      (attn): Attention(
        (qkv): Linear(in_features=768, out_features=2304, bias=True)
        (q_norm): Identity()
        (k_norm): Identity()
        (attn_drop): Dropout(p=0.0, inplace=False)
        (proj): Linear(in_features=768, out_features=768, bias=True)
        (proj_drop): Dropout(p=0.0, inplace=False)
      )
      (ls1): Identity()
      (drop_path1): Identity()
      (norm2): LayerNorm((768,), eps=1e-06, elementwise_affine=True)
      (mlp): Mlp(
        (fc1): Linear(in_features=768, out_features=3072, bias=True)
        (act): GELU(approximate='none')
        (drop1): Dropout(p=0.0, inplace=False)
        (norm): Identity()
        (fc2): Linear(in_features=3072, out_features=768, bias=True)
        (drop2): Dropout(p=0.0, inplace=False)
      )
      (ls2): Identity()
      (drop_path2): Identity()
    )
  )
  (norm): LayerNorm((768,), eps=1e-06, elementwise_affine=True)
  (fc_norm): Identity()
  (head_drop): Dropout(p=0.0, inplace=False)
  (head): Sequential(
    (0): BatchNorm1d(768, eps=1e-06, momentum=0.1, affine=False, track_running_stats=True)
    (1): Linear(in_features=768, out_features=2, bias=True)
  )
)
number of params (M): 1538.00
Traceback (most recent call last):
  File "/home/conradb/.conda/envs/torch2/lib/python3.11/site-packages/munch/__init__.py", line 116, in __getattr__
    return object.__getattribute__(self, k)
           ^^^^^^^^^^^^^^^^^^^^^^^^^^^^^^^^
AttributeError: 'Munch' object has no attribute 'batch_size'

During handling of the above exception, another exception occurred:

Traceback (most recent call last):
  File "/home/conradb/.conda/envs/torch2/lib/python3.11/site-packages/munch/__init__.py", line 119, in __getattr__
    return self[k]
           ~~~~^^^
KeyError: 'batch_size'

During handling of the above exception, another exception occurred:

Traceback (most recent call last):
  File "/share/home/conradb/git/hephaestus-minicubes-ssl/mae_training/mae_linprobe.py", line 159, in <module>
    linprobe('../configs/linprobe_config.toml', True)
  File "/share/home/conradb/git/hephaestus-minicubes-ssl/mae_training/mae_linprobe.py", line 135, in linprobe
    configs.train.lr = configs.train.blr * configs.train.batch_size / 256
                                           ^^^^^^^^^^^^^^^^^^^^^^^^
  File "/home/conradb/.conda/envs/torch2/lib/python3.11/site-packages/munch/__init__.py", line 121, in __getattr__
    raise AttributeError(k)
AttributeError: batch_size
Traceback (most recent call last):
  File "/home/conradb/.conda/envs/torch2/lib/python3.11/site-packages/munch/__init__.py", line 116, in __getattr__
    return object.__getattribute__(self, k)
           ^^^^^^^^^^^^^^^^^^^^^^^^^^^^^^^^
AttributeError: 'Munch' object has no attribute 'batch_size'

During handling of the above exception, another exception occurred:

Traceback (most recent call last):
  File "/home/conradb/.conda/envs/torch2/lib/python3.11/site-packages/munch/__init__.py", line 119, in __getattr__
    return self[k]
           ~~~~^^^
KeyError: 'batch_size'

During handling of the above exception, another exception occurred:

Traceback (most recent call last):
  File "/share/home/conradb/git/hephaestus-minicubes-ssl/mae_training/mae_linprobe.py", line 159, in <module>
    linprobe('../configs/linprobe_config.toml', True)
  File "/share/home/conradb/git/hephaestus-minicubes-ssl/mae_training/mae_linprobe.py", line 135, in linprobe
    configs.train.lr = configs.train.blr * configs.train.batch_size / 256
                                           ^^^^^^^^^^^^^^^^^^^^^^^^
  File "/home/conradb/.conda/envs/torch2/lib/python3.11/site-packages/munch/__init__.py", line 121, in __getattr__
    raise AttributeError(k)
AttributeError: batch_size
